[2022-05-28T18:55:12.803981+00:00] my_logger.INFO: Log was shown {"user":"admin"} []
[2022-05-28T19:05:17.097667+00:00] my_logger.INFO: Login:  {"user":null} []
[2022-05-28T19:05:19.016505+00:00] my_logger.INFO: Log was shown {"user":"admin"} []
[2022-05-28T19:05:23.318900+00:00] my_logger.INFO: History was reset {"user":"admin"} []
[2022-05-28T19:05:25.138502+00:00] my_logger.INFO: Log was shown {"user":"admin"} []
[2022-05-28T19:06:02.299874+00:00] my_logger.INFO: History was cleared {"user":"admin"} []
[2022-05-28T19:06:03.802511+00:00] my_logger.INFO: Log was shown {"user":"admin"} []
[2022-05-28T19:06:17.306453+00:00] my_logger.INFO: Logout:  {"user":"admin"} []
[2022-05-28T19:06:21.217655+00:00] my_logger.INFO: Login:  {"user":null} []
[2022-05-28T19:06:23.941757+00:00] my_logger.INFO: History was reset {"user":"admin"} []
[2022-05-28T19:07:12.066133+00:00] my_logger.INFO: Logout:  {"user":"admin"} []
[2022-05-29T05:17:45.247906+00:00] my_logger.INFO: History was reset {"user":null} []
[2022-05-29T05:55:10.698910+00:00] my_logger.INFO: Login:  {"user":null} []
[2022-05-29T05:55:14.427540+00:00] my_logger.INFO: History was cleared {"user":"admin"} []
[2022-05-29T05:55:16.038237+00:00] my_logger.INFO: History was reset {"user":"admin"} []
[2022-05-29T05:55:18.071086+00:00] my_logger.INFO: Log was shown {"user":"admin"} []
[2022-05-29T06:05:43.051949+00:00] my_logger.INFO: Login:  {"user":null} []
[2022-05-29T06:05:45.792484+00:00] my_logger.INFO: New message {"text":"ff","date":"06:05","sender":"admin"} []
[2022-05-29T06:05:53.585982+00:00] my_logger.INFO: New message {"text":"ff","date":"06:05","sender":"admin"} []
[2022-05-29T06:06:15.143283+00:00] my_logger.INFO: New message {"text":"ff","date":"06:06","sender":"admin"} []
[2022-05-29T06:06:18.922962+00:00] my_logger.INFO: New message {"text":"f","date":"06:06","sender":"admin"} []
[2022-05-29T06:12:21.773679+00:00] my_logger.INFO: Login:  {"user":null} []
[2022-05-29T06:12:24.589301+00:00] my_logger.INFO: New message {"text":"fff","date":"2022-05-29 06:12:24","sender":"admin"} []
[2022-05-29T06:12:26.122733+00:00] my_logger.INFO: Log was shown {"user":"admin"} []
[2022-05-29T06:12:46.151611+00:00] my_logger.INFO: New message {"text":"fff","sender":"admin"} []
[2022-05-29T06:12:47.379374+00:00] my_logger.INFO: Log was shown {"user":"admin"} []
[2022-05-29T06:12:58.652812+00:00] my_logger.INFO: History was cleared {"user":"admin"} []
[2022-05-29T06:13:01.021867+00:00] my_logger.INFO: History was reset {"user":"admin"} []
[2022-05-29T06:15:10.689648+00:00] my_logger.INFO: History was reset {"user":"admin"} []
[2022-05-29T06:15:47.767479+00:00] my_logger.INFO: Login:  {"user":null} []
[2022-05-29T06:15:52.914887+00:00] my_logger.INFO: New message {"text":"ad","sender":"admin"} []
[2022-05-29T06:15:56.472346+00:00] my_logger.INFO: New message {"text":"ad","sender":"admin"} []
[2022-05-29T06:16:05.902208+00:00] my_logger.INFO: History was reset {"user":"admin"} []
[2022-05-29T06:16:09.153825+00:00] my_logger.INFO: New message {"text":"ad","sender":"admin"} []
[2022-05-29T06:20:52.358828+00:00] my_logger.INFO: Login:  {"user":null} []
[2022-05-29T06:20:54.236201+00:00] my_logger.INFO: New message {"text":"dd","sender":"admin"} []
[2022-05-29T06:23:58.831438+00:00] my_logger.INFO: Login:  {"user":null} []
[2022-05-29T16:24:00.495128+10:00] my_logger.INFO: New message {"text":"аа","sender":"admin"} []
[2022-05-29T06:24:09.109080+00:00] my_logger.INFO: Log was shown {"user":"admin"} []
[2022-05-29T06:26:18.261064+00:00] my_logger.INFO: History was cleared {"user":"admin"} []
[2022-05-29T06:26:20.793722+00:00] my_logger.INFO: History was reset {"user":"admin"} []
[2022-05-29T16:26:25.057816+10:00] my_logger.INFO: New message {"text":"ff","sender":"admin"} []
[2022-05-29T06:27:05.181759+00:00] my_logger.INFO: Login:  {"user":null} []
[2022-05-29T06:27:06.809955+00:00] my_logger.INFO: History was reset {"user":"admin"} []
[2022-05-29T16:27:41.144652+10:00] my_logger.INFO: New message {"text":"ff","sender":"admin"} []
[2022-05-29T06:33:50.159575+00:00] my_logger.INFO: Login:  {"user":null} []
[2022-05-29T06:33:52.140110+00:00] my_logger.INFO: History was reset {"user":"admin"} []
[2022-05-29T16:33:55.072191+10:00] my_logger.INFO: New message {"text":"ff","sender":"admin"} []
[2022-05-29T16:36:14.072289+10:00] my_logger.INFO: New message {"text":"f","sender":"admin"} []
[2022-05-29T16:36:30.020399+10:00] my_logger.INFO: New message {"text":"f","sender":"admin"} []
[2022-05-29T06:37:52.279906+00:00] my_logger.INFO: Login:  {"user":null} []
[2022-05-29T16:37:55.188012+10:00] my_logger.INFO: New message {"text":"ff","sender":"admin"} []
[2022-05-29T06:43:49.548378+00:00] my_logger.INFO: History was reset {"user":null} []
[2022-05-29T06:43:53.356940+00:00] my_logger.INFO: Login:  {"user":null} []
[2022-05-29T16:43:55.825038+10:00] my_logger.INFO: New message {"text":"dfdf","sender":"admin"} []
[2022-05-29T16:43:58.574356+10:00] my_logger.INFO: New message {"text":"df","sender":"admin"} []
[2022-05-29T16:44:33.018720+10:00] my_logger.INFO: New message {"text":"gg","sender":"admin"} []
[2022-05-29T16:46:06.744977+10:00] my_logger.INFO: New message {"text":"fg","sender":"admin"} []
[2022-05-29T06:46:31.012109+00:00] my_logger.INFO: History was reset {"user":"admin"} []
[2022-05-29T16:46:43.802042+10:00] my_logger.INFO: New message {"text":"Прикрутил даты)","sender":"admin"} []
[2022-05-29T06:50:25.864974+00:00] my_logger.INFO: Login:  {"user":null} []
[2022-05-29T16:50:28.344098+10:00] my_logger.INFO: New message {"text":"ff","sender":"admin"} []
[2022-05-29T06:50:32.191915+00:00] my_logger.INFO: History was cleared {"user":"admin"} []
[2022-05-29T16:50:36.816426+10:00] my_logger.INFO: New message {"text":"gfgfg","sender":"admin"} []
[2022-05-29T06:51:07.709043+00:00] my_logger.INFO: History was cleared {"user":"admin"} []
[2022-05-29T06:51:08.902741+00:00] my_logger.INFO: History was reset {"user":"admin"} []
[2022-05-29T06:54:42.412743+00:00] my_logger.INFO: Login:  {"user":null} []
[2022-05-29T06:54:46.470989+00:00] my_logger.INFO: History was reset {"user":"admin"} []
[2022-05-29T16:54:48.815198+10:00] my_logger.INFO: New message {"text":"hh","sender":"admin"} []
[2022-05-29T06:58:15.931592+00:00] my_logger.INFO: Login:  {"user":null} []
[2022-05-29T06:58:18.680874+00:00] my_logger.INFO: History was cleared {"user":"admin"} []
[2022-05-29T06:58:20.504764+00:00] my_logger.INFO: History was reset {"user":"admin"} []
[2022-05-29T16:58:38.121357+10:00] my_logger.INFO: New message {"text":"Прикрутил даты)","sender":"admin"} []
[2022-05-29T07:51:26.213196+00:00] my_logger.INFO: History was reset {"user":null} []
[2022-05-29T07:51:33.351983+00:00] my_logger.INFO: Login:  {"user":null} []
[2022-05-29T08:24:03.051796+00:00] my_logger.INFO: Login:  {"user":null} []
[2022-05-29T08:26:22.174029+00:00] my_logger.INFO: History was cleared {"user":"admin"} []
[2022-05-29T08:26:34.587125+00:00] my_logger.INFO: History was reset {"user":"admin"} []
[2022-05-29T18:27:00.833232+10:00] my_logger.INFO: New message {"text":"hh","sender":"admin"} []
[2022-05-29T08:29:21.457922+00:00] my_logger.INFO: History was reset {"user":null} []
[2022-05-29T08:29:25.425993+00:00] my_logger.INFO: Login:  {"user":null} []
[2022-05-29T18:29:27.958495+10:00] my_logger.INFO: New message {"text":"f","sender":"admin"} []
[2022-05-29T18:30:49.354364+10:00] my_logger.INFO: New message {"text":"j\\","sender":"admin"} []
[2022-05-29T08:35:07.389020+00:00] my_logger.INFO: Login:  {"user":null} []
[2022-05-29T08:36:16.814719+00:00] my_logger.INFO: History was cleared {"user":"admin"} []
[2022-05-29T08:36:19.957802+00:00] my_logger.INFO: History was cleared {"user":"admin"} []
[2022-05-29T08:36:22.442921+00:00] my_logger.INFO: History was cleared {"user":"admin"} []
[2022-05-29T08:36:25.747126+00:00] my_logger.INFO: History was cleared {"user":"admin"} []
[2022-05-29T08:40:04.933182+00:00] my_logger.INFO: Login:  {"user":null} []
[2022-05-29T08:40:06.108869+00:00] my_logger.INFO: History was cleared {"user":"admin"} []
[2022-05-29T18:41:52.121177+10:00] my_logger.INFO: New message {"text":"gg","sender":"admin"} []
[2022-05-29T08:41:58.464595+00:00] my_logger.INFO: History was cleared {"user":"admin"} []
[2022-05-29T08:42:01.568256+00:00] my_logger.INFO: History was reset {"user":"admin"} []
[2022-05-29T18:42:10.784483+10:00] my_logger.INFO: New message {"text":"ff","sender":"admin"} []
[2022-05-29T08:44:08.761680+00:00] my_logger.INFO: History was reset {"user":null} []
[2022-05-29T08:44:24.835127+00:00] my_logger.INFO: Login:  {"user":null} []
[2022-05-29T18:44:27.597642+10:00] my_logger.INFO: New message {"text":"fff","sender":"admin"} []
[2022-05-29T08:44:31.750517+00:00] my_logger.INFO: History was reset {"user":"admin"} []
[2022-05-29T18:46:16.286157+10:00] my_logger.INFO: New message {"text":"j","sender":"admin"} []
[2022-05-29T08:47:49.327916+00:00] my_logger.INFO: Login:  {"user":null} []
[2022-05-29T18:47:55.791242+10:00] my_logger.INFO: New message {"text":"hh","sender":"admin"} []
[2022-05-29T08:51:15.496416+00:00] my_logger.INFO: Incorrect login or password [] []
[2022-05-29T08:51:18.412748+00:00] my_logger.INFO: Login:  {"user":null} []
[2022-05-29T08:57:25.361667+00:00] my_logger.INFO: Login:  {"user":null} []
[2022-05-29T08:57:26.774147+00:00] my_logger.INFO: History was cleared {"user":"admin"} []
[2022-05-29T08:57:28.622463+00:00] my_logger.INFO: History was reset {"user":"admin"} []
